Arguments: 
  /usr/local/bin/node /Users/ducky/.yarn/bin/yarn.js list webpack

PATH: 
  /Users/ducky/arc/arcanist/bin:/Users/ducky/.yarn/bin:/Users/ducky/.config/yarn/global/node_modules/.bin:/Users/ducky/.rbenv/shims:/Users/ducky/.rbenv/bin:/Applications/Postgres.app/Contents/Versions/10/bin:/usr/local/bin:/usr/bin:/bin:/usr/sbin:/sbin

Yarn version: 
  1.5.1

Node version: 
  9.5.0

Platform: 
  darwin x64

npm manifest: 
  {
    "name": "create-repack-app",
    "version": "1.0.0",
    "scripts": {
      "build": "cd client && npm install --only=dev && npm install && npm run build && cd ..",
      "deploy": "cp -a client/build/. public/",
      "heroku-postbuild": "npm run build && npm run deploy && echo 'Client Built'"
    },
    "keywords": [],
    "author": "",
    "license": "ISC"
  }

yarn manifest: 
  No manifest

Lockfile: 
  No lockfile

Trace: 
  Error: No lockfile in this directory. Run `yarn install` to generate one.
      at new MessageError (/Users/ducky/.yarn/lib/cli.js:186:110)
      at /Users/ducky/.yarn/lib/cli.js:89389:13
      at <anonymous>
